<?xml version="1.0" encoding="UTF-8"?>
<testExecutions version="1">
    <file path="G:\ERP\feeOn-backend\__tests__\unit-tests\authorize.test.js">
        <testCase name="authenticateUser middleware should return 401 error if Authorization header is missing" duration="10"/>
        <testCase name="authenticateUser middleware should return 401 error if token is not in Bearer format" duration="42"/>
        <testCase name="authenticateUser middleware should return 401 error if token is invalid" duration="9"/>
        <testCase name="authenticateUser middleware should return 401 error if user is not found" duration="4"/>
        <testCase name="authenticateUser middleware should attach user to the request object and cache the user" duration="12"/>
        <testCase name="authenticateUser middleware should use cached user if available" duration="2"/>
    </file>
    <file path="G:\ERP\feeOn-backend\__tests__\unit-tests\catchAsync.test.js">
        <testCase name="catchAsync should call next with an error if fn throws an error" duration="8"/>
        <testCase name="catchAsync should call fn with req, res, and next" duration="1"/>
    </file>
    <file path="G:\ERP\feeOn-backend\__tests__\unit-tests\errorResponse.test.js">
        <testCase name="ErrorResponse should create an error response with the provided message and status code" duration="5"/>
    </file>
    <file path="G:\ERP\feeOn-backend\__tests__\unit-tests\successResponse.test.js">
        <testCase name="SuccessResponse returns an object with the correct properties and values" duration="6"/>
    </file>
    <file path="G:\ERP\feeOn-backend\__tests__\unit-tests\feeType.test.js">
        <testCase name="Fee type controller GET - / should return no fees type found" duration="12"/>
        <testCase name="Fee type controller GET - / should return all fees type" duration="3"/>
        <testCase name="Fee type controller GET - /:id should return no fee type found" duration="3"/>
        <testCase name="Fee type controller GET - /:id should return a fee type" duration="2"/>
        <testCase name="Fee type controller POST - / should return all required fields" duration="4"/>
        <testCase name="Fee type controller POST - / should return fee type already exists" duration="3"/>
        <testCase name="Fee type controller PUT - /:id should return no fee type found" duration="10"/>
        <testCase name="Fee type controller DELETE - /:id should return no fee type found" duration="1"/>
        <testCase name="Fee type controller DELETE - /:id should return a fee type deleted" duration="2"/>
    </file>
    <file path="G:\ERP\feeOn-backend\__tests__\e2e\feeType-e2e.test.js">
        <testCase name="FeeType API POST /api/feeType should return server is running" duration="137"/>
    </file>
</testExecutions>