<?xml version="1.0" encoding="UTF-8"?>
<testExecutions version="1">
    <file path="C:\Users\Akif\Desktop\feeOn-Backend\feeOn-backend\index.test.js">
        <testCase name="GET / responds with &quot;Servers is Running&quot;" duration="83"/>
    </file>
</testExecutions>