<?xml version="1.0" encoding="UTF-8"?>
<testExecutions version="1">
    <file path="G:\ERP\feeOn-backend\__tests__\unit-tests\feeStructure.test.js">
        <testCase name="Fee Structure Controller Get by filter should return 404 error if fee structure is not found" duration="5"/>
        <testCase name="Fee Structure Controller Get by filter should return 200 success if fee structure is found" duration="2"/>
        <testCase name="Fee Structure Controller Create should return 422 error if required fields are not provided" duration="4"/>
        <testCase name="Fee Structure Controller Create should return 400 error if fee structure name already exists" duration="1"/>
        <testCase name="Fee Structure Controller Create should return 201 success if fee structure is created" duration="5"/>
        <testCase name="Fee Structure Controller Create Should return 500 something went wrong error" duration="66"/>
        <testCase name="Fee Structure Controller Read should return 404 error if fee structure is not found" duration="2"/>
        <testCase name="Fee Structure Controller Read should return 200 success if fee structure is found" duration="2"/>
        <testCase name="Fee Structure Controller Update should return 404 error if fee structure is not found" duration="2"/>
        <testCase name="Fee Structure Controller Update should return 200 success if fee structure is updated" duration="5"/>
        <testCase name="Fee Structure Controller Update should return 500 error if something went wrong" duration="3"/>
        <testCase name="Fee Structure Controller Delete should return 404 error if fee structure is not found" duration="2"/>
        <testCase name="Fee Structure Controller Delete should return 200 success if fee structure is deleted" duration="4"/>
        <testCase name="Fee Structure Controller Delete should return 500 error if something went wrong" duration="14"/>
        <testCase name="Fee Structure Controller getUnmappedClasses should return 404 if no classList found" duration="5"/>
        <testCase name="Fee Structure Controller getUnmappedClasses should return something went wrong if error" duration="9"/>
        <testCase name="Fee Structure Controller getUnmappedClasses should return 200 if classList found" duration="1"/>
    </file>
</testExecutions>