<?xml version="1.0" encoding="UTF-8"?>
<testExecutions version="1">
    <file path="G:\ERP\feeOn-backend\__tests__\unit-tests\academicYear-model.test.js">
        <testCase name="AcademicYear fails validation with missing required fields" duration="28"/>
        <testCase name="AcademicYear passes validation with valid data" duration="27"/>
        <testCase name="AcademicYear fails validation with invalid date" duration="80"/>
    </file>
    <file path="G:\ERP\feeOn-backend\__tests__\unit-tests\feeStructure.test.js">
        <testCase name="Fee Structure Controller Get by filter should return 404 error if fee structure is not found" duration="11"/>
        <testCase name="Fee Structure Controller Get by filter should return 200 success if fee structure is found" duration="4"/>
        <testCase name="Fee Structure Controller Create should return 422 error if required fields are not provided" duration="3"/>
        <testCase name="Fee Structure Controller Create should return 400 error if fee structure name already exists" duration="2"/>
        <testCase name="Fee Structure Controller Create should return 201 success if fee structure is created" duration="3"/>
        <testCase name="Fee Structure Controller Create Should return 500 something went wrong error" duration="40"/>
        <testCase name="Fee Structure Controller Read should return 404 error if fee structure is not found" duration="2"/>
        <testCase name="Fee Structure Controller Read should return 200 success if fee structure is found" duration="2"/>
        <testCase name="Fee Structure Controller Update should return 404 error if fee structure is not found" duration="2"/>
        <testCase name="Fee Structure Controller Update should return 200 success if fee structure is updated" duration="2"/>
        <testCase name="Fee Structure Controller Update should return 500 error if something went wrong" duration="2"/>
        <testCase name="Fee Structure Controller Delete should return 404 error if fee structure is not found" duration="2"/>
        <testCase name="Fee Structure Controller Delete should return 200 success if fee structure is deleted" duration="2"/>
        <testCase name="Fee Structure Controller Delete should return 500 error if something went wrong" duration="2"/>
        <testCase name="Fee Structure Controller getUnmappedClasses should return 404 if no classList found" duration="4"/>
        <testCase name="Fee Structure Controller getUnmappedClasses should return something went wrong if error" duration="10"/>
        <testCase name="Fee Structure Controller getUnmappedClasses should return 200 if classList found" duration="4"/>
    </file>
    <file path="G:\ERP\feeOn-backend\__tests__\unit-tests\feeType.test.js">
        <testCase name="Fee type controller GET - / should return no fees type found" duration="19"/>
        <testCase name="Fee type controller GET - / should return all fees type" duration="2"/>
        <testCase name="Fee type controller GET - /:id should return no fee type found" duration="3"/>
        <testCase name="Fee type controller GET - /:id should return a fee type" duration="2"/>
        <testCase name="Fee type controller POST - / should create a fee type" duration="3"/>
        <testCase name="Fee type controller POST - / should return all required fields" duration="3"/>
        <testCase name="Fee type controller POST - / should return fee type already exists" duration="4"/>
        <testCase name="Fee type controller PUT - /:id should return no fee type found" duration="2"/>
        <testCase name="Fee type controller DELETE - /:id should return no fee type found" duration="7"/>
        <testCase name="Fee type controller DELETE - /:id should return a fee type deleted" duration="3"/>
    </file>
    <file path="G:\ERP\feeOn-backend\__tests__\unit-tests\feeSchedule.test.js">
        <testCase name="Fee Schedule Controller Create Fee Schedule should return 422 if all required fields are not provided" duration="17"/>
        <testCase name="Fee Schedule Controller Create Fee Schedule should return 400 if fee schedule already exists" duration="5"/>
        <testCase name="Fee Schedule Controller Create Fee Schedule should return 201 if fee schedule created successfully" duration="5"/>
        <testCase name="Fee Schedule Controller Get All Fee Schedules should return 404 if no fee schedules found" duration="26"/>
        <testCase name="Fee Schedule Controller Get All Fee Schedules should return 200 if get all fee schedules successfully" duration="3"/>
        <testCase name="Fee Schedule Controller Get Fee Schedule By Id should return 404 if fee schedule not found" duration="13"/>
        <testCase name="Fee Schedule Controller Get Fee Schedule By Id should return 200 if get fee schedule by id successfully" duration="2"/>
        <testCase name="Fee Schedule Controller Update Fee Schedule should return 404 if fee schedule not found" duration="5"/>
        <testCase name="Fee Schedule Controller Update Fee Schedule should return 200 if update fee schedule successfully" duration="2"/>
        <testCase name="Fee Schedule Controller Delete Fee Schedule should return 404 if fee schedule not found" duration="2"/>
        <testCase name="Fee Schedule Controller Delete Fee Schedule should return 200 if delete fee schedule successfully" duration="2"/>
    </file>
    <file path="G:\ERP\feeOn-backend\__tests__\unit-tests\db-connection.test.js">
        <testCase name="connectDatabase should connect to the database with the correct configuration" duration="10"/>
    </file>
    <file path="G:\ERP\feeOn-backend\__tests__\e2e\feeType-e2e.test.js">
        <testCase name="FeeType API POST /api/feeType should return server is running" duration="180"/>
    </file>
    <file path="G:\ERP\feeOn-backend\__tests__\unit-tests\feeInstallment-model.test.js">
        <testCase name="FeeInstallment Model should be invalid if required fields are missing" duration="36"/>
        <testCase name="FeeInstallment Model should be valid if all required fields are present" duration="15"/>
    </file>
    <file path="G:\ERP\feeOn-backend\__tests__\unit-tests\feeSchedule-model.test.js">
        <testCase name="FeeSchedule Model should be invalid if required fields are empty" duration="75"/>
        <testCase name="FeeSchedule Model should be valid if all required fields are provided" duration="16"/>
        <testCase name="FeeSchedule Model should be valid if description field is missing" duration="8"/>
        <testCase name="FeeSchedule Model should be valid if scheduledDates field is missing" duration="5"/>
    </file>
    <file path="G:\ERP\feeOn-backend\__tests__\unit-tests\authorize.test.js">
        <testCase name="authenticateUser middleware should return 401 error if Authorization header is missing" duration="10"/>
        <testCase name="authenticateUser middleware should return 401 error if token is not in Bearer format" duration="9"/>
        <testCase name="authenticateUser middleware should return 401 error if token is invalid" duration="2"/>
        <testCase name="authenticateUser middleware should return 401 error if user is not found" duration="2"/>
        <testCase name="authenticateUser middleware should attach user to the request object and cache the user" duration="3"/>
        <testCase name="authenticateUser middleware should use cached user if available" duration="2"/>
    </file>
    <file path="G:\ERP\feeOn-backend\__tests__\unit-tests\feestructure-model.test.js">
        <testCase name="Fee Structure Model should be invalid if feeStructureName is empty" duration="68"/>
        <testCase name="Fee Structure Model should be invalid if schoolId is empty" duration="5"/>
        <testCase name="Fee Structure Model should be invalid if totalAmount is empty" duration="9"/>
        <testCase name="Fee Structure Model should be valid if all required fields are provided" duration="5"/>
    </file>
    <file path="G:\ERP\feeOn-backend\__tests__\unit-tests\feeType-model.test.js">
        <testCase name="Feetype Model should be invalid if required fields are empty" duration="58"/>
        <testCase name="Feetype Model should be invalid if accountType is not one of the enum values" duration="12"/>
        <testCase name="Feetype Model should be valid if all fields are provided" duration="3"/>
    </file>
    <file path="G:\ERP\feeOn-backend\__tests__\unit-tests\catchAsync.test.js">
        <testCase name="catchAsync should call next with an error if fn throws an error" duration="10"/>
        <testCase name="catchAsync should call fn with req, res, and next" duration="5"/>
    </file>
    <file path="G:\ERP\feeOn-backend\__tests__\unit-tests\errorResponse.test.js">
        <testCase name="ErrorResponse should create an error response with the provided message and status code" duration="7"/>
    </file>
    <file path="G:\ERP\feeOn-backend\__tests__\unit-tests\successResponse.test.js">
        <testCase name="SuccessResponse returns an object with the correct properties and values" duration="7"/>
    </file>
</testExecutions>